Watching for file changes with StatReloader
[16/Jun/2026 18:41:47] "GET /api/labs/ HTTP/1.1" 200 3223
[16/Jun/2026 20:50:00] "OPTIONS /api/auth/login/ HTTP/1.1" 200 0
[16/Jun/2026 20:50:01] "POST /api/auth/login/ HTTP/1.1" 200 155
[16/Jun/2026 20:50:34] "POST /api/auth/login/ HTTP/1.1" 200 170
[16/Jun/2026 20:51:05] "OPTIONS /api/labs/abb-lab/ HTTP/1.1" 200 0
[16/Jun/2026 20:51:06] "GET /api/labs/abb-lab/ HTTP/1.1" 200 260
[16/Jun/2026 20:51:06] "OPTIONS /api/bookings/ HTTP/1.1" 200 0
[16/Jun/2026 20:51:06] "POST /api/bookings/ HTTP/1.1" 201 288
[16/Jun/2026 20:53:13] "POST /api/auth/login/ HTTP/1.1" 200 155
D:\code\GITHUB\lakshay2027\backend\core\serializers.py changed, reloading.
Performing system checks...

System check identified no issues (0 silenced).
June 16, 2026 - 18:41:47
Django version 4.2.30, using settings 'config.settings'
Starting development server at http://127.0.0.1:8000/
Quit the server with CTRL-BREAK.

Watching for file changes with StatReloader
D:\code\GITHUB\lakshay2027\backend\core\serializers.py changed, reloading.
Performing system checks...

System check identified no issues (0 silenced).
June 16, 2026 - 20:55:55
Django version 4.2.30, using settings 'config.settings'
Starting development server at http://127.0.0.1:8000/
Quit the server with CTRL-BREAK.

Watching for file changes with StatReloader
D:\code\GITHUB\lakshay2027\backend\core\models.py changed, reloading.
Performing system checks...

System check identified no issues (0 silenced).
June 16, 2026 - 20:56:04
Django version 4.2.30, using settings 'config.settings'
Starting development server at http://127.0.0.1:8000/
Quit the server with CTRL-BREAK.

Watching for file changes with StatReloader
D:\code\GITHUB\lakshay2027\backend\core\serializers.py changed, reloading.
Performing system checks...

System check identified no issues (0 silenced).
June 17, 2026 - 00:01:58
Django version 4.2.30, using settings 'config.settings'
Starting development server at http://127.0.0.1:8000/
Quit the server with CTRL-BREAK.

Watching for file changes with StatReloader
D:\code\GITHUB\lakshay2027\backend\core\views.py changed, reloading.
Performing system checks...

System check identified no issues (0 silenced).
June 17, 2026 - 00:02:13
Django version 4.2.30, using settings 'config.settings'
Starting development server at http://127.0.0.1:8000/
Quit the server with CTRL-BREAK.

Watching for file changes with StatReloader
D:\code\GITHUB\lakshay2027\backend\core\views.py changed, reloading.
Performing system checks...

System check identified no issues (0 silenced).
June 17, 2026 - 00:02:32
Django version 4.2.30, using settings 'config.settings'
Starting development server at http://127.0.0.1:8000/
Quit the server with CTRL-BREAK.

Watching for file changes with StatReloader
D:\code\GITHUB\lakshay2027\backend\core\admin.py changed, reloading.
Performing system checks...

System check identified no issues (0 silenced).
June 17, 2026 - 00:02:41
Django version 4.2.30, using settings 'config.settings'
Starting development server at http://127.0.0.1:8000/
Quit the server with CTRL-BREAK.

Watching for file changes with StatReloader
[17/Jun/2026 00:04:14] "GET /api/labs/?search=AR HTTP/1.1" 200 2709
[17/Jun/2026 00:04:31] "GET /api/labs/ HTTP/1.1" 200 3664
[17/Jun/2026 00:05:47] "OPTIONS /api/labs/ HTTP/1.1" 200 0
[17/Jun/2026 00:05:47] "GET /api/labs/ HTTP/1.1" 200 3664
[17/Jun/2026 00:08:06] "GET /api/labs/?featured=true HTTP/1.1" 200 926
[17/Jun/2026 00:08:19] "POST /api/auth/login/ HTTP/1.1" 200 155
[17/Jun/2026 00:08:19] "POST /api/labs/ HTTP/1.1" 201 200
Forbidden: /api/labs/abb-lab/
[17/Jun/2026 00:08:19] "DELETE /api/labs/abb-lab/ HTTP/1.1" 403 57
[17/Jun/2026 00:08:19] "DELETE /api/labs/test-lab/ HTTP/1.1" 204 0
[17/Jun/2026 00:08:20] "POST /api/auth/login/ HTTP/1.1" 200 170
Forbidden: /api/labs/
[17/Jun/2026 00:08:20] "POST /api/labs/ HTTP/1.1" 403 63
[17/Jun/2026 01:59:32] "OPTIONS /api/labs/?featured=true HTTP/1.1" 200 0
[17/Jun/2026 01:59:32] "OPTIONS /api/labs/?featured=true HTTP/1.1" 200 0
[17/Jun/2026 01:59:32] "GET /api/labs/?featured=true HTTP/1.1" 200 926
[17/Jun/2026 01:59:32] "GET /api/labs/?featured=true HTTP/1.1" 200 926
[17/Jun/2026 02:02:11] "OPTIONS /api/labs/ HTTP/1.1" 200 0
[17/Jun/2026 02:02:11] "OPTIONS /api/labs/ HTTP/1.1" 200 0
[17/Jun/2026 02:02:11] "GET /api/labs/ HTTP/1.1" 200 3664
[17/Jun/2026 02:02:11] "GET /api/labs/ HTTP/1.1" 200 3664
[17/Jun/2026 02:02:13] "GET /api/labs/?featured=true HTTP/1.1" 200 926
[17/Jun/2026 02:02:13] "GET /api/labs/?featured=true HTTP/1.1" 200 926
[17/Jun/2026 02:08:30] "GET /api/labs/ HTTP/1.1" 200 3664
[17/Jun/2026 02:08:30] "GET /api/labs/ HTTP/1.1" 200 3664
[17/Jun/2026 02:08:39] "GET /api/labs/ HTTP/1.1" 200 3664
[17/Jun/2026 02:08:39] "GET /api/labs/ HTTP/1.1" 200 3664
[17/Jun/2026 02:08:41] "GET /api/labs/?featured=true HTTP/1.1" 200 926
[17/Jun/2026 02:08:41] "GET /api/labs/?featured=true HTTP/1.1" 200 926
[17/Jun/2026 02:10:19] "GET /api/labs/?featured=true HTTP/1.1" 200 926
[17/Jun/2026 02:10:19] "GET /api/labs/?featured=true HTTP/1.1" 200 926
[17/Jun/2026 02:12:35] "GET /api/labs/ HTTP/1.1" 200 3664
[17/Jun/2026 02:12:35] "GET /api/labs/ HTTP/1.1" 200 3664
[17/Jun/2026 02:13:05] "GET /api/labs/ HTTP/1.1" 200 3664
[17/Jun/2026 02:13:05] "GET /api/labs/ HTTP/1.1" 200 3664
[17/Jun/2026 02:13:12] "OPTIONS /api/labs/smart-home-lab/ HTTP/1.1" 200 0
[17/Jun/2026 02:13:12] "OPTIONS /api/labs/smart-home-lab/ HTTP/1.1" 200 0
[17/Jun/2026 02:13:12] "GET /api/labs/smart-home-lab/ HTTP/1.1" 200 299
[17/Jun/2026 02:13:12] "GET /api/labs/smart-home-lab/ HTTP/1.1" 200 299
[17/Jun/2026 02:13:21] "GET /api/labs/ HTTP/1.1" 200 3664
[17/Jun/2026 02:13:21] "GET /api/labs/ HTTP/1.1" 200 3664
[17/Jun/2026 02:14:31] "GET /api/labs/ HTTP/1.1" 200 3664
[17/Jun/2026 02:14:31] "GET /api/labs/ HTTP/1.1" 200 3664
[17/Jun/2026 02:14:53] "OPTIONS /api/bookings/ HTTP/1.1" 200 0
[17/Jun/2026 02:14:53] "OPTIONS /api/bookings/ HTTP/1.1" 200 0
[17/Jun/2026 02:14:53] "GET /api/labs/ HTTP/1.1" 200 3664
[17/Jun/2026 02:14:53] "GET /api/labs/ HTTP/1.1" 200 3664
[17/Jun/2026 02:14:53] "GET /api/bookings/ HTTP/1.1" 200 904
[17/Jun/2026 02:14:53] "GET /api/bookings/ HTTP/1.1" 200 904
[17/Jun/2026 02:14:57] "GET /api/labs/ HTTP/1.1" 200 3664
[17/Jun/2026 02:14:57] "GET /api/labs/ HTTP/1.1" 200 3664
[17/Jun/2026 02:15:11] "OPTIONS /api/labs/nvidia-lab/ HTTP/1.1" 200 0
[17/Jun/2026 02:15:11] "PATCH /api/labs/nvidia-lab/ HTTP/1.1" 200 293
[17/Jun/2026 02:15:11] "GET /api/labs/ HTTP/1.1" 200 3663
[17/Jun/2026 02:15:13] "GET /api/labs/?featured=true HTTP/1.1" 200 1220
[17/Jun/2026 02:15:13] "GET /api/labs/?featured=true HTTP/1.1" 200 1220
